\BOOKMARK [0][-]{chapter.1}{\376\377\000D\000o\000w\000n\000l\000o\000a\000d\000i\000n\000g}{}% 1
\BOOKMARK [1][-]{section.1.1}{\376\377\000T\000h\000e\000\040\000s\000o\000u\000r\000c\000e\000s}{chapter.1}% 2
\BOOKMARK [1][-]{section.1.2}{\376\377\000T\000h\000e\000\040\000b\000i\000n\000a\000r\000i\000e\000s}{chapter.1}% 3
\BOOKMARK [0][-]{chapter.2}{\376\377\000O\000b\000j\000e\000c\000t\000i\000v\000e}{}% 4
\BOOKMARK [1][-]{section.2.1}{\376\377\000S\000u\000p\000p\000o\000r\000t\000e\000d\000\040\000O\000S}{chapter.2}% 5
\BOOKMARK [1][-]{section.2.2}{\376\377\000c\000o\000m\000p\000a\000t\000i\000b\000l\000e\000\040\000v\000e\000n\000d\000o\000r\000s}{chapter.2}% 6
\BOOKMARK [1][-]{section.2.3}{\376\377\000I\000n\000t\000e\000g\000r\000a\000t\000i\000o\000n\000\040\000i\000n\000t\000o\000\040\000p\000r\000o\000j\000e\000c\000t\000s}{chapter.2}% 7
\BOOKMARK [0][-]{chapter.3}{\376\377\000S\000t\000a\000n\000d\000a\000r\000d\000\040\000A\000P\000I}{}% 8
\BOOKMARK [0][-]{chapter.4}{\376\377\000C\000-\000W\000r\000a\000p\000p\000e\000r}{}% 9
\BOOKMARK [0][-]{chapter.5}{\376\377\000S\000y\000s\000T\000e\000c}{}% 10
\BOOKMARK [1][-]{section.5.1}{\376\377\000T\000h\000e\000\040\000c\000o\000n\000n\000e\000c\000t\000i\000o\000n}{chapter.5}% 11
\BOOKMARK [2][-]{subsection.5.1.1}{\376\377\000w\000i\000n\000d\000o\000w\000s}{section.5.1}% 12
\BOOKMARK [2][-]{subsection.5.1.2}{\376\377\000l\000i\000n\000u\000x}{section.5.1}% 13
\BOOKMARK [1][-]{section.5.2}{\376\377\000s\000t\000a\000n\000d\000a\000r\000d\000\040\000C\000a\000n\000M\000o\000d\000u\000l\000e\000\040\000A\000P\000I\000\040\000e\000x\000a\000m\000p\000l\000e}{chapter.5}% 14
\BOOKMARK [0][-]{chapter.6}{\376\377\000A\000n\000a\000G\000a\000t\000e}{}% 15
\BOOKMARK [1][-]{section.6.1}{\376\377\000T\000h\000e\000\040\000c\000o\000n\000n\000e\000c\000t\000i\000o\000n}{chapter.6}% 16
\BOOKMARK [1][-]{section.6.2}{\376\377\000s\000t\000a\000n\000d\000a\000r\000d\000\040\000C\000a\000n\000M\000o\000d\000u\000l\000e\000\040\000A\000P\000I\000\040\000e\000x\000a\000m\000p\000l\000e}{chapter.6}% 17
\BOOKMARK [0][-]{chapter.7}{\376\377\000P\000e\000a\000k}{}% 18
\BOOKMARK [1][-]{section.7.1}{\376\377\000T\000h\000e\000\040\000c\000o\000n\000n\000e\000c\000t\000i\000o\000n}{chapter.7}% 19
\BOOKMARK [2][-]{subsection.7.1.1}{\376\377\000w\000i\000n\000d\000o\000w\000s}{section.7.1}% 20
\BOOKMARK [2][-]{subsection.7.1.2}{\376\377\000l\000i\000n\000u\000x}{section.7.1}% 21
\BOOKMARK [1][-]{section.7.2}{\376\377\000s\000t\000a\000n\000d\000a\000r\000d\000\040\000C\000a\000n\000M\000o\000d\000u\000l\000e\000\040\000A\000P\000I\000\040\000e\000x\000a\000m\000p\000l\000e}{chapter.7}% 22
\BOOKMARK [0][-]{chapter.8}{\376\377\000L\000o\000g\000g\000i\000n\000g}{}% 23
\BOOKMARK [0][-]{chapter.9}{\376\377\000B\000u\000i\000l\000d\000i\000n\000g}{}% 24
\BOOKMARK [0][-]{chapter.10}{\376\377\000R\000u\000n\000n\000i\000n\000g}{}% 25
\BOOKMARK [1][-]{section.10.1}{\376\377\000g\000e\000n\000e\000r\000a\000l\000\040\000d\000e\000p\000e\000n\000d\000e\000n\000c\000i\000e\000s}{chapter.10}% 26
\BOOKMARK [1][-]{section.10.2}{\376\377\000A\000n\000a\000g\000a\000t\000e}{chapter.10}% 27
\BOOKMARK [1][-]{section.10.3}{\376\377\000S\000y\000s\000t\000e\000c}{chapter.10}% 28
\BOOKMARK [1][-]{section.10.4}{\376\377\000P\000e\000a\000k}{chapter.10}% 29
\BOOKMARK [0][-]{chapter.11}{\376\377\000S\000u\000p\000p\000o\000r\000t}{}% 30
\BOOKMARK [0][-]{chapter.12}{\376\377\000a\000l\000p\000h\000a\000b\000e\000t\000i\000c\000a\000l\000\040\000i\000n\000d\000e\000x}{}% 31
